Arguments: 
  /usr/bin/node-18 /usr/bin/yarn

PATH: 
  /home/lilchizh/.cargo/bin:/home/lilchizh/.nvm/versions/node/v18.18.2/bin:/home/lilchizh/.local/bin:/home/lilchizh/bin:/usr/local/bin:/usr/local/sbin:/usr/bin:/usr/sbin:/var/lib/snapd/snap/bin:/usr/local/go/bin:/home/lilchizh/.dotnet/tools

Yarn version: 
  1.22.19

Node version: 
  18.19.0

Platform: 
  linux x64

Trace: 
  Error: https://registry.yarnpkg.com/@pancakeswap%2futils: Not found
      at params.callback [as _callback] (/usr/lib/node_modules_18/yarn/lib/util/request-manager.js:451:18)
      at self.callback (/usr/lib/node_modules_18/yarn/node_modules/request/request.js:185:22)
      at Request.emit (node:events:517:28)
      at Request.<anonymous> (/usr/lib/node_modules_18/yarn/node_modules/request/request.js:1154:10)
      at Request.emit (node:events:517:28)
      at IncomingMessage.<anonymous> (/usr/lib/node_modules_18/yarn/node_modules/request/request.js:1076:12)
      at Object.onceWrapper (node:events:631:28)
      at IncomingMessage.emit (node:events:529:35)
      at endReadableNT (node:internal/streams/readable:1400:12)
      at process.processTicksAndRejections (node:internal/process/task_queues:82:21)

npm manifest: 
  {
    "name": "@pancakeswap/smart-router",
    "version": "4.14.5",
    "description": "A SDK for getting best routes from AMM",
    "repository": {
      "type": "git",
      "url": "https://github.com/pancakeswap/pancake-frontend.git",
      "directory": "packages/smart-router"
    },
    "main": "dist/evm.js",
    "module": "dist/evm.mjs",
    "types": "dist/evm/index.d.ts",
    "sideEffects": false,
    "scripts": {
      "build": "tsup",
      "dev": "tsup --watch",
      "test": "vitest --run",
      "update:snapshot": "vitest -u",
      "prepublishOnly": "pnpm run build",
      "clean": "rm -rf .turbo && rm -rf node_modules && rm -rf dist"
    },
    "files": [
      "dist"
    ],
    "dependencies": {
      "@pancakeswap/chains": "workspace:*",
      "@pancakeswap/gauges": "workspace:*",
      "@pancakeswap/multicall": "workspace:*",
      "@pancakeswap/sdk": "workspace:*",
      "@pancakeswap/swap-sdk-core": "workspace:*",
      "@pancakeswap/tokens": "workspace:*",
      "@pancakeswap/token-lists": "workspace:*",
      "@pancakeswap/v3-sdk": "workspace:*",
      "async-retry": "^1.3.1",
      "debug": "^4.3.4",
      "graphql": "^16.8.1",
      "graphql-request": "5.0.0",
      "lodash": "^4.17.21",
      "mnemonist": "^0.38.3",
      "stats-lite": "^2.2.0",
      "tiny-invariant": "^1.3.0",
      "viem": "1.19.11",
      "zod": "^3.22.3"
    },
    "devDependencies": {
      "@pancakeswap/utils": "workspace:*",
      "@types/async-retry": "^1.4.4",
      "@types/debug": "^4.1.7",
      "@types/lodash": "^4.14.178",
      "@types/stats-lite": "^2.2.0",
      "tsup": "^6.7.0"
    },
    "exports": {
      "./package.json": "./package.json",
      ".": {
        "types": "./dist/evm/index.d.ts",
        "import": "./dist/evm.mjs",
        "require": "./dist/evm.js"
      },
      "./evm": {
        "types": "./dist/evm/index.d.ts",
        "import": "./dist/evm.mjs",
        "require": "./dist/evm.js"
      },
      "./legacy-router": {
        "types": "./dist/legacy-router/index.d.ts",
        "import": "./dist/legacy-router.mjs",
        "require": "./dist/legacy-router.js"
      }
    }
  }

yarn manifest: 
  No manifest

Lockfile: 
  No lockfile
